timestamp: 2017-03-08T16:37:08.926000
CREATE TABLE auth_user(
    id INT AUTO_INCREMENT NOT NULL,
    first_name VARCHAR(128),
    last_name VARCHAR(128),
    email VARCHAR(512),
    password VARCHAR(512),
    registration_key VARCHAR(512),
    reset_password_key VARCHAR(512),
    registration_id VARCHAR(512),
    PRIMARY KEY (id)
) ENGINE=InnoDB CHARACTER SET utf8;
success!
timestamp: 2017-03-08T16:37:08.983000
CREATE TABLE auth_group(
    id INT AUTO_INCREMENT NOT NULL,
    role VARCHAR(512),
    description LONGTEXT,
    PRIMARY KEY (id)
) ENGINE=InnoDB CHARACTER SET utf8;
success!
timestamp: 2017-03-08T16:37:09.040000
CREATE TABLE auth_membership(
    id INT AUTO_INCREMENT NOT NULL,
    user_id INT  , INDEX user_id__idx (user_id), FOREIGN KEY (user_id) REFERENCES auth_user (id) ON DELETE CASCADE,
    group_id INT  , INDEX group_id__idx (group_id), FOREIGN KEY (group_id) REFERENCES auth_group (id) ON DELETE CASCADE,
    PRIMARY KEY (id)
) ENGINE=InnoDB CHARACTER SET utf8;
success!
timestamp: 2017-03-08T16:37:09.100000
CREATE TABLE auth_permission(
    id INT AUTO_INCREMENT NOT NULL,
    group_id INT  , INDEX group_id__idx (group_id), FOREIGN KEY (group_id) REFERENCES auth_group (id) ON DELETE CASCADE,
    name VARCHAR(512),
    table_name VARCHAR(512),
    record_id INT,
    PRIMARY KEY (id)
) ENGINE=InnoDB CHARACTER SET utf8;
success!
timestamp: 2017-03-08T16:37:09.151000
CREATE TABLE auth_event(
    id INT AUTO_INCREMENT NOT NULL,
    time_stamp DATETIME,
    client_ip VARCHAR(512),
    user_id INT  , INDEX user_id__idx (user_id), FOREIGN KEY (user_id) REFERENCES auth_user (id) ON DELETE CASCADE,
    origin VARCHAR(512),
    description LONGTEXT,
    PRIMARY KEY (id)
) ENGINE=InnoDB CHARACTER SET utf8;
success!
timestamp: 2017-03-08T16:37:09.202000
CREATE TABLE auth_cas(
    id INT AUTO_INCREMENT NOT NULL,
    user_id INT  , INDEX user_id__idx (user_id), FOREIGN KEY (user_id) REFERENCES auth_user (id) ON DELETE CASCADE,
    created_on DATETIME,
    service VARCHAR(512),
    ticket VARCHAR(512),
    renew CHAR(1),
    PRIMARY KEY (id)
) ENGINE=InnoDB CHARACTER SET utf8;
success!
timestamp: 2017-03-08T16:37:09.246000
CREATE TABLE t_review(
    id INT AUTO_INCREMENT NOT NULL,
    f_fulltext VARCHAR(512),
    is_active CHAR(1),
    created_on DATETIME,
    created_by INT  , INDEX created_by__idx (created_by), FOREIGN KEY (created_by) REFERENCES auth_user (id) ON DELETE CASCADE,
    modified_on DATETIME,
    modified_by INT  , INDEX modified_by__idx (modified_by), FOREIGN KEY (modified_by) REFERENCES auth_user (id) ON DELETE CASCADE,
    PRIMARY KEY (id)
) ENGINE=InnoDB CHARACTER SET utf8;
success!
timestamp: 2017-03-08T16:37:09.308000
CREATE TABLE t_review_archive(
    id INT AUTO_INCREMENT NOT NULL,
    f_fulltext VARCHAR(512),
    is_active CHAR(1),
    created_on DATETIME,
    created_by INT  , INDEX created_by__idx (created_by), FOREIGN KEY (created_by) REFERENCES auth_user (id) ON DELETE CASCADE,
    modified_on DATETIME,
    modified_by INT  , INDEX modified_by__idx (modified_by), FOREIGN KEY (modified_by) REFERENCES auth_user (id) ON DELETE CASCADE,
    current_record INT  , INDEX current_record__idx (current_record), FOREIGN KEY (current_record) REFERENCES t_review (id) ON DELETE CASCADE,
    PRIMARY KEY (id)
) ENGINE=InnoDB CHARACTER SET utf8;
success!
timestamp: 2017-03-08T16:37:09.377000
CREATE TABLE t_category(
    id INT AUTO_INCREMENT NOT NULL,
    f_name VARCHAR(512),
    PRIMARY KEY (id)
) ENGINE=InnoDB CHARACTER SET utf8;
success!
timestamp: 2017-03-08T16:37:09.423000
CREATE TABLE t_taste(
    id INT AUTO_INCREMENT NOT NULL,
    f_name VARCHAR(512),
    PRIMARY KEY (id)
) ENGINE=InnoDB CHARACTER SET utf8;
success!
timestamp: 2017-03-08T16:37:09.473000
CREATE TABLE t_fruit(
    id INT AUTO_INCREMENT NOT NULL,
    f_category INT  , INDEX f_category__idx (f_category), FOREIGN KEY (f_category) REFERENCES t_category (id) ON DELETE CASCADE,
    f_name VARCHAR(512),
    f_taste INT  , INDEX f_taste__idx (f_taste), FOREIGN KEY (f_taste) REFERENCES t_taste (id) ON DELETE CASCADE,
    f_image VARCHAR(512),
    f_img LONGBLOB,
    PRIMARY KEY (id)
) ENGINE=InnoDB CHARACTER SET utf8;
success!
timestamp: 2017-03-08T16:37:09.523000
CREATE TABLE t_fruit_category(
    id INT AUTO_INCREMENT NOT NULL,
    f_fruit INT  , INDEX f_fruit__idx (f_fruit), FOREIGN KEY (f_fruit) REFERENCES t_fruit (id) ON DELETE CASCADE,
    f_cat INT  , INDEX f_cat__idx (f_cat), FOREIGN KEY (f_cat) REFERENCES t_category (id) ON DELETE CASCADE,
    PRIMARY KEY (id)
) ENGINE=InnoDB CHARACTER SET utf8;
success!
timestamp: 2017-03-08T16:37:09.579000
CREATE TABLE t_recipe(
    id INT AUTO_INCREMENT NOT NULL,
    f_name VARCHAR(512),
    f_date VARCHAR(512),
    f_fulltext VARCHAR(512),
    is_active CHAR(1),
    created_on DATETIME,
    created_by INT  , INDEX created_by__idx (created_by), FOREIGN KEY (created_by) REFERENCES auth_user (id) ON DELETE CASCADE,
    modified_on DATETIME,
    modified_by INT  , INDEX modified_by__idx (modified_by), FOREIGN KEY (modified_by) REFERENCES auth_user (id) ON DELETE CASCADE,
    PRIMARY KEY (id)
) ENGINE=InnoDB CHARACTER SET utf8;
success!
timestamp: 2017-03-08T16:37:09.629000
CREATE TABLE t_recipe_archive(
    id INT AUTO_INCREMENT NOT NULL,
    f_name VARCHAR(512),
    f_date VARCHAR(512),
    f_fulltext VARCHAR(512),
    is_active CHAR(1),
    created_on DATETIME,
    created_by INT  , INDEX created_by__idx (created_by), FOREIGN KEY (created_by) REFERENCES auth_user (id) ON DELETE CASCADE,
    modified_on DATETIME,
    modified_by INT  , INDEX modified_by__idx (modified_by), FOREIGN KEY (modified_by) REFERENCES auth_user (id) ON DELETE CASCADE,
    current_record INT  , INDEX current_record__idx (current_record), FOREIGN KEY (current_record) REFERENCES t_recipe (id) ON DELETE CASCADE,
    PRIMARY KEY (id)
) ENGINE=InnoDB CHARACTER SET utf8;
success!
timestamp: 2017-03-08T16:46:33.962000
CREATE TABLE t_smoothie_category(
    id INT AUTO_INCREMENT NOT NULL,
    f_name VARCHAR(512),
    PRIMARY KEY (id)
) ENGINE=InnoDB CHARACTER SET utf8;
success!
timestamp: 2017-03-08T16:49:00.527000
CREATE TABLE t_smoothie(
    id INT AUTO_INCREMENT NOT NULL,
    f_category INT  , INDEX f_category__idx (f_category), FOREIGN KEY (f_category) REFERENCES t_category (id) ON DELETE CASCADE,
    f_name VARCHAR(512),
    f_taste INT  , INDEX f_taste__idx (f_taste), FOREIGN KEY (f_taste) REFERENCES t_taste (id) ON DELETE CASCADE,
    f_image VARCHAR(512),
    f_img LONGBLOB,
    PRIMARY KEY (id)
) ENGINE=InnoDB CHARACTER SET utf8;
success!
timestamp: 2017-03-08T16:49:00.575000
ALTER TABLE t_smoothie_category ADD f_smoothie INT  , ADD INDEX f_smoothie__idx (f_smoothie), ADD FOREIGN KEY (f_smoothie) REFERENCES t_smoothie (id) ON DELETE CASCADE;
success!
timestamp: 2017-03-08T16:49:00.679000
ALTER TABLE t_smoothie_category ADD f_cat INT  , ADD INDEX f_cat__idx (f_cat), ADD FOREIGN KEY (f_cat) REFERENCES t_category (id) ON DELETE CASCADE;
success!
timestamp: 2017-03-08T16:49:00.823000
ALTER TABLE t_smoothie_category DROP COLUMN f_name;
success!
timestamp: 2017-03-08T16:49:41.619000
ALTER TABLE t_smoothie DROP COLUMN f_category;
timestamp: 2017-03-08T16:49:42.662000
ALTER TABLE t_smoothie DROP COLUMN f_category;
timestamp: 2017-03-08T16:49:43.979000
ALTER TABLE t_smoothie DROP COLUMN f_category;
timestamp: 2017-03-08T16:49:46.933000
ALTER TABLE t_smoothie DROP COLUMN f_category;
timestamp: 2017-03-08T16:49:51.232000
ALTER TABLE t_smoothie DROP COLUMN f_category;
timestamp: 2017-03-08T16:49:56.942000
ALTER TABLE t_smoothie DROP COLUMN f_category;
timestamp: 2017-03-08T16:53:57.213000
ALTER TABLE t_smoothie DROP COLUMN f_category;
success!
